TN:
SF:src/modules/tools/services/CreateToolService.ts
FN:17,CreateToolService
FN:24,Object.<anonymous>.CreateToolService.execute
FNF:2
FNH:2
FNDA:1,CreateToolService
FNDA:1,Object.<anonymous>.CreateToolService.execute
DA:1,1
DA:2,1
DA:3,1
DA:4,1
DA:5,1
DA:6,1
DA:7,1
DA:8,1
DA:9,1
DA:10,1
DA:11,1
DA:12,1
DA:13,1
DA:14,1
DA:15,1
DA:16,1
DA:17,1
DA:18,1
DA:19,1
DA:20,1
DA:21,1
DA:22,1
DA:23,1
DA:24,1
DA:25,1
DA:26,1
DA:27,1
DA:28,1
DA:29,1
DA:30,1
DA:31,1
DA:32,1
DA:33,1
DA:34,1
DA:35,1
DA:36,1
DA:37,1
DA:38,1
LF:38
LH:38
BRDA:14,0,0,1
BRDA:17,1,0,1
BRDA:24,2,0,1
BRF:3
BRH:3
end_of_record
TN:
SF:src/modules/tools/services/FindToolsByTagService.ts
FN:14,FindToolsByTagService
FN:21,Object.<anonymous>.FindToolsByTagService.execute
FNF:2
FNH:2
FNDA:2,FindToolsByTagService
FNDA:2,Object.<anonymous>.FindToolsByTagService.execute
DA:1,1
DA:2,1
DA:3,1
DA:4,1
DA:5,1
DA:6,1
DA:7,1
DA:8,1
DA:9,1
DA:10,1
DA:11,1
DA:12,1
DA:13,1
DA:14,1
DA:15,2
DA:16,2
DA:17,2
DA:18,2
DA:19,2
DA:20,1
DA:21,1
DA:22,2
DA:23,2
DA:24,2
DA:25,1
LF:25
LH:25
BRDA:11,0,0,1
BRDA:14,1,0,2
BRDA:21,2,0,2
BRF:3
BRH:3
end_of_record
TN:
SF:src/modules/tools/services/ListToolsService.ts
FN:10,ListToolsService
FN:17,Object.<anonymous>.ListToolsService.execute
FNF:2
FNH:2
FNDA:2,ListToolsService
FNDA:2,Object.<anonymous>.ListToolsService.execute
DA:1,1
DA:2,1
DA:3,1
DA:4,1
DA:5,1
DA:6,1
DA:7,1
DA:8,1
DA:9,1
DA:10,1
DA:11,2
DA:12,2
DA:13,2
DA:14,2
DA:15,2
DA:16,1
DA:17,1
DA:18,2
DA:19,2
DA:20,2
DA:21,1
LF:21
LH:21
BRDA:7,0,0,1
BRDA:10,1,0,2
BRDA:17,2,0,2
BRF:3
BRH:3
end_of_record
